This is pdfTeX, Version 3.14159265-2.6-1.40.20 (TeX Live 2019/Arch Linux) (preloaded format=pdflatex 2020.5.10)  11 MAY 2020 18:47
entering extended mode
 restricted \write18 enabled.
 file:line:error style messages enabled.
 %&-line parsing enabled.
**/home/nico/Proyectos/algo1/labo/clase_04/ejemplo1.tex
(/home/nico/Proyectos/algo1/labo/clase_04/ejemplo1.tex
LaTeX2e <2019-10-01> patch level 1
(/usr/share/texmf-dist/tex/latex/base/article.cls
Document Class: article 2019/08/27 v1.4j Standard LaTeX document class
(/usr/share/texmf-dist/tex/latex/base/size10.clo
File: size10.clo 2019/08/27 v1.4j Standard LaTeX file (size option)
)
\c@part=\count80
\c@section=\count81
\c@subsection=\count82
\c@subsubsection=\count83
\c@paragraph=\count84
\c@subparagraph=\count85
\c@figure=\count86
\c@table=\count87
\abovecaptionskip=\skip41
\belowcaptionskip=\skip42
\bibindent=\dimen102
)

! LaTeX Error: File `Algo1Macros.tex' not found.

Type X to quit or <RETURN> to proceed,
or enter new name. (Default extension: tex)

Enter file name: 
/home/nico/Proyectos/algo1/labo/clase_04/ejemplo1.tex:2: Emergency stop.
<read *> 
         
l.2 \input{Algo1Macros}
                       ^^M
*** (cannot \read from terminal in nonstop modes)

 
Here is how much of TeX's memory you used:
 209 strings out of 492167
 2330 string characters out of 6131558
 61582 words of memory out of 5000000
 4663 multiletter control sequences out of 15000+600000
 3640 words of font info for 14 fonts, out of 8000000 for 9000
 1141 hyphenation exceptions out of 8191
 25i,0n,19p,187b,36s stack positions out of 5000i,500n,10000p,200000b,80000s
/home/nico/Proyectos/algo1/labo/clase_04/ejemplo1.tex:2:  ==> Fatal error occurred, no output PDF file produced!
